0 info it worked if it ends with ok
1 verbose cli [ '/Users/andrijgerasik/.nvm/versions/node/v7.1.0/bin/node',
1 verbose cli   '/Users/andrijgerasik/.nvm/versions/node/v7.1.0/bin/npm',
1 verbose cli   'install' ]
2 info using npm@3.10.9
3 info using node@v7.1.0
4 silly loadCurrentTree Starting
5 silly install loadCurrentTree
6 silly install readLocalPackageData
7 silly install normalizeTree
8 silly loadCurrentTree Finishing
9 silly loadIdealTree Starting
10 silly install loadIdealTree
11 silly cloneCurrentTree Starting
12 silly install cloneCurrentTreeToIdealTree
13 silly cloneCurrentTree Finishing
14 silly loadShrinkwrap Starting
15 silly install loadShrinkwrap
16 silly loadShrinkwrap Finishing
17 silly loadAllDepsIntoIdealTree Starting
18 silly install loadAllDepsIntoIdealTree
19 silly loadAllDepsIntoIdealTree Finishing
20 silly loadIdealTree Finishing
21 silly currentTree some_name@0.0.0
21 silly currentTree ├── @gulp-sourcemaps/map-sources@1.0.0
21 silly currentTree ├── abbrev@1.1.1
21 silly currentTree ├── accepts@1.2.13
21 silly currentTree ├── acorn@4.0.13
21 silly currentTree ├── alphanum-sort@1.0.2
21 silly currentTree ├── amdefine@1.0.1
21 silly currentTree ├── ansi-colors@1.0.1
21 silly currentTree ├── ansi-cyan@0.1.1
21 silly currentTree ├── ansi-gray@0.1.1
21 silly currentTree ├── ansi-red@0.1.1
21 silly currentTree ├── ansi-regex@2.1.1
21 silly currentTree ├── ansi-styles@2.2.1
21 silly currentTree ├── ansi-wrap@0.1.0
21 silly currentTree ├── aproba@1.2.0
21 silly currentTree ├── archy@1.0.0
21 silly currentTree ├─┬ are-we-there-yet@1.1.4
21 silly currentTree │ ├── isarray@1.0.0
21 silly currentTree │ ├── readable-stream@2.3.3
21 silly currentTree │ └── string_decoder@1.0.3
21 silly currentTree ├── argparse@1.0.9
21 silly currentTree ├── arr-diff@4.0.0
21 silly currentTree ├── arr-flatten@1.1.0
21 silly currentTree ├── arr-union@3.1.0
21 silly currentTree ├── array-differ@1.0.0
21 silly currentTree ├── array-each@1.0.1
21 silly currentTree ├── array-find-index@1.0.2
21 silly currentTree ├── array-slice@1.1.0
21 silly currentTree ├── array-uniq@1.0.3
21 silly currentTree ├── array-unique@0.3.2
21 silly currentTree ├── asn1@0.2.3
21 silly currentTree ├── assert-plus@0.2.0
21 silly currentTree ├── assign-symbols@1.0.0
21 silly currentTree ├── async-foreach@0.1.3
21 silly currentTree ├── asynckit@0.4.0
21 silly currentTree ├── atob@2.0.3
21 silly currentTree ├── autoprefixer@6.7.7
21 silly currentTree ├── aws-sign2@0.6.0
21 silly currentTree ├── aws4@1.6.0
21 silly currentTree ├── balanced-match@1.0.0
21 silly currentTree ├── base@0.11.2
21 silly currentTree ├── base64-url@1.2.1
21 silly currentTree ├── basic-auth-connect@1.0.0
21 silly currentTree ├── basic-auth@1.0.4
21 silly currentTree ├── batch@0.5.3
21 silly currentTree ├── bcrypt-pbkdf@1.0.1
21 silly currentTree ├── beeper@1.1.1
21 silly currentTree ├── block-stream@0.0.9
21 silly currentTree ├─┬ body-parser@1.13.3
21 silly currentTree │ ├── debug@2.2.0
21 silly currentTree │ └── ms@0.7.1
21 silly currentTree ├── boolean@0.1.3
21 silly currentTree ├── boom@2.10.1
21 silly currentTree ├── bootstrap@4.0.0
21 silly currentTree ├── brace-expansion@1.1.8
21 silly currentTree ├── braces@2.3.0
21 silly currentTree ├── browserslist@1.7.7
21 silly currentTree ├── builtin-modules@1.1.1
21 silly currentTree ├── bytes@2.1.0
21 silly currentTree ├── cache-base@1.0.1
21 silly currentTree ├── camelcase-keys@2.1.0
21 silly currentTree ├── camelcase@2.1.1
21 silly currentTree ├── caniuse-api@1.6.1
21 silly currentTree ├── caniuse-db@1.0.30000793
21 silly currentTree ├── caseless@0.11.0
21 silly currentTree ├── chalk@1.1.3
21 silly currentTree ├── clap@1.2.3
21 silly currentTree ├─┬ class-utils@0.3.6
21 silly currentTree │ ├── define-property@0.2.5
21 silly currentTree │ ├─┬ is-accessor-descriptor@0.1.6
21 silly currentTree │ │ └── kind-of@3.2.2
21 silly currentTree │ ├─┬ is-data-descriptor@0.1.4
21 silly currentTree │ │ └── kind-of@3.2.2
21 silly currentTree │ ├── is-descriptor@0.1.6
21 silly currentTree │ └── kind-of@5.1.0
21 silly currentTree ├── cliui@3.2.0
21 silly currentTree ├── clone-buffer@1.0.0
21 silly currentTree ├── clone-stats@0.0.1
21 silly currentTree ├── clone@1.0.3
21 silly currentTree ├── cloneable-readable@1.0.0
21 silly currentTree ├── coa@1.0.4
21 silly currentTree ├── code-point-at@1.1.0
21 silly currentTree ├── collection-visit@1.0.0
21 silly currentTree ├── color-convert@1.9.1
21 silly currentTree ├── color-name@1.1.3
21 silly currentTree ├── color-string@0.3.0
21 silly currentTree ├── color-support@1.1.3
21 silly currentTree ├── color@0.11.4
21 silly currentTree ├── colormin@1.1.2
21 silly currentTree ├── colors@1.1.2
21 silly currentTree ├── combined-stream@1.0.5
21 silly currentTree ├── commander@2.13.0
21 silly currentTree ├── component-emitter@1.2.1
21 silly currentTree ├── compressible@2.0.12
21 silly currentTree ├─┬ compression@1.5.2
21 silly currentTree │ ├── debug@2.2.0
21 silly currentTree │ └── ms@0.7.1
21 silly currentTree ├── concat-map@0.0.1
21 silly currentTree ├─┬ concat-with-sourcemaps@1.0.5
21 silly currentTree │ └── source-map@0.6.1
21 silly currentTree ├── connect-livereload@0.5.4
21 silly currentTree ├─┬ connect-timeout@1.6.2
21 silly currentTree │ ├── debug@2.2.0
21 silly currentTree │ └── ms@0.7.1
21 silly currentTree ├─┬ connect@2.30.2
21 silly currentTree │ ├── debug@2.2.0
21 silly currentTree │ └── ms@0.7.1
21 silly currentTree ├── console-control-strings@1.1.0
21 silly currentTree ├── content-type@1.0.4
21 silly currentTree ├── convert-source-map@1.5.1
21 silly currentTree ├── cookie-parser@1.3.5
21 silly currentTree ├── cookie-signature@1.0.6
21 silly currentTree ├── cookie@0.1.3
21 silly currentTree ├── copy-descriptor@0.1.1
21 silly currentTree ├── core-util-is@1.0.2
21 silly currentTree ├── crc@3.3.0
21 silly currentTree ├─┬ cross-spawn@3.0.1
21 silly currentTree │ └── lru-cache@4.1.1
21 silly currentTree ├── cryptiles@2.0.5
21 silly currentTree ├── csrf@3.0.6
21 silly currentTree ├── css-color-names@0.0.4
21 silly currentTree ├─┬ css@2.2.1
21 silly currentTree │ ├── atob@1.1.3
21 silly currentTree │ ├── source-map-resolve@0.3.1
21 silly currentTree │ ├── source-map-url@0.3.0
21 silly currentTree │ └── source-map@0.1.43
21 silly currentTree ├─┬ cssnano@3.10.0
21 silly currentTree │ └── object-assign@4.1.1
21 silly currentTree ├── csso@2.3.2
21 silly currentTree ├── csurf@1.8.3
21 silly currentTree ├── currently-unhandled@0.4.1
21 silly currentTree ├─┬ dashdash@1.14.1
21 silly currentTree │ └── assert-plus@1.0.0
21 silly currentTree ├── dateformat@2.2.0
21 silly currentTree ├─┬ debug-fabulous@0.0.4
21 silly currentTree │ └── object-assign@4.1.0
21 silly currentTree ├── debug@2.6.9
21 silly currentTree ├── decamelize@1.2.0
21 silly currentTree ├── decode-uri-component@0.2.0
21 silly currentTree ├── defaults@1.0.3
21 silly currentTree ├── define-property@1.0.0
21 silly currentTree ├── defined@1.0.0
21 silly currentTree ├── delayed-stream@1.0.0
21 silly currentTree ├── delegates@1.0.0
21 silly currentTree ├── depd@1.0.1
21 silly currentTree ├── deprecated@0.0.1
21 silly currentTree ├── destroy@1.0.4
21 silly currentTree ├── detect-file@1.0.0
21 silly currentTree ├── detect-newline@2.1.0
21 silly currentTree ├── duplexer@0.1.1
21 silly currentTree ├── duplexer2@0.0.2
21 silly currentTree ├── ecc-jsbn@0.1.1
21 silly currentTree ├── ee-first@1.1.1
21 silly currentTree ├── electron-to-chromium@1.3.31
21 silly currentTree ├── end-of-stream@0.1.5
21 silly currentTree ├── error-ex@1.3.1
21 silly currentTree ├─┬ errorhandler@1.4.3
21 silly currentTree │ ├── accepts@1.3.4
21 silly currentTree │ └── negotiator@0.6.1
21 silly currentTree ├── escape-html@1.0.3
21 silly currentTree ├── escape-string-regexp@1.0.5
21 silly currentTree ├── esprima@2.7.3
21 silly currentTree ├── etag@1.7.0
21 silly currentTree ├── event-stream@3.3.4
21 silly currentTree ├─┬ expand-brackets@2.1.4
21 silly currentTree │ ├── define-property@0.2.5
21 silly currentTree │ ├─┬ is-accessor-descriptor@0.1.6
21 silly currentTree │ │ └── kind-of@3.2.2
21 silly currentTree │ ├─┬ is-data-descriptor@0.1.4
21 silly currentTree │ │ └── kind-of@3.2.2
21 silly currentTree │ ├── is-descriptor@0.1.6
21 silly currentTree │ └── kind-of@5.1.0
21 silly currentTree ├── expand-tilde@2.0.2
21 silly currentTree ├─┬ express-session@1.11.3
21 silly currentTree │ ├── debug@2.2.0
21 silly currentTree │ ├── ms@0.7.1
21 silly currentTree │ └── uid-safe@2.0.0
21 silly currentTree ├── extend-shallow@2.0.1
21 silly currentTree ├── extend@3.0.1
21 silly currentTree ├── extglob@2.0.4
21 silly currentTree ├── extsprintf@1.3.0
21 silly currentTree ├── fancy-log@1.3.2
21 silly currentTree ├── faye-websocket@0.10.0
21 silly currentTree ├── fill-range@4.0.0
21 silly currentTree ├─┬ finalhandler@0.4.0
21 silly currentTree │ ├── debug@2.2.0
21 silly currentTree │ ├── escape-html@1.0.2
21 silly currentTree │ └── ms@0.7.1
21 silly currentTree ├── find-index@0.1.1
21 silly currentTree ├── find-up@1.1.2
21 silly currentTree ├── findup-sync@2.0.0
21 silly currentTree ├── fined@1.1.0
21 silly currentTree ├── first-chunk-stream@1.0.0
21 silly currentTree ├── flagged-respawn@1.0.0
21 silly currentTree ├── flatten@1.0.2
21 silly currentTree ├── for-in@1.0.2
21 silly currentTree ├── for-own@1.0.0
21 silly currentTree ├── forever-agent@0.6.1
21 silly currentTree ├── form-data@2.1.4
21 silly currentTree ├── fragment-cache@0.2.1
21 silly currentTree ├── fresh@0.3.0
21 silly currentTree ├── from@0.1.7
21 silly currentTree ├── fs.realpath@1.0.0
21 silly currentTree ├─┬ fstream@1.0.11
21 silly currentTree │ └── graceful-fs@4.1.11
21 silly currentTree ├── function-bind@1.1.1
21 silly currentTree ├─┬ gauge@2.7.4
21 silly currentTree │ └── object-assign@4.1.1
21 silly currentTree ├── gaze@0.5.2
21 silly currentTree ├── generate-function@2.0.0
21 silly currentTree ├── generate-object-property@1.2.0
21 silly currentTree ├── get-caller-file@1.0.2
21 silly currentTree ├── get-stdin@4.0.1
21 silly currentTree ├── get-value@2.0.6
21 silly currentTree ├─┬ getpass@0.1.7
21 silly currentTree │ └── assert-plus@1.0.0
21 silly currentTree ├─┬ glob-stream@3.1.18
21 silly currentTree │ ├── readable-stream@1.0.34
21 silly currentTree │ └── through2@0.6.5
21 silly currentTree ├── glob-watcher@0.0.6
21 silly currentTree ├── glob@4.5.3
21 silly currentTree ├── glob2base@0.0.12
21 silly currentTree ├── global-modules@1.0.0
21 silly currentTree ├── global-prefix@1.0.2
21 silly currentTree ├─┬ globule@0.1.0
21 silly currentTree │ ├── glob@3.1.21
21 silly currentTree │ ├── graceful-fs@1.2.3
21 silly currentTree │ ├── inherits@1.0.2
21 silly currentTree │ └── minimatch@0.2.14
21 silly currentTree ├── glogg@1.0.0
21 silly currentTree ├── graceful-fs@3.0.11
21 silly currentTree ├─┬ gulp-concat@2.6.1
21 silly currentTree │ ├── clone-stats@1.0.0
21 silly currentTree │ ├── clone@2.1.1
21 silly currentTree │ ├── replace-ext@1.0.0
21 silly currentTree │ └── vinyl@2.1.0
21 silly currentTree ├── gulp-connect@5.2.0
21 silly currentTree ├─┬ gulp-cssnano@2.1.2
21 silly currentTree │ └── object-assign@4.1.1
21 silly currentTree ├── gulp-rimraf@0.2.2
21 silly currentTree ├── gulp-sass@3.1.0
21 silly currentTree ├─┬ gulp-sourcemaps@1.12.1
21 silly currentTree │ ├── graceful-fs@4.1.11
21 silly currentTree │ ├── source-map@0.6.1
21 silly currentTree │ ├── strip-bom@2.0.0
21 silly currentTree │ └── vinyl@1.2.0
21 silly currentTree ├─┬ gulp-uglify@3.0.0
21 silly currentTree │ └── lodash@4.17.4
21 silly currentTree ├── gulp-util@3.0.8
21 silly currentTree ├── gulp@3.9.1
21 silly currentTree ├── gulplog@1.0.0
21 silly currentTree ├── har-validator@2.0.6
21 silly currentTree ├── has-ansi@2.0.0
21 silly currentTree ├── has-flag@1.0.0
21 silly currentTree ├── has-gulplog@0.1.0
21 silly currentTree ├── has-unicode@2.0.1
21 silly currentTree ├── has-value@1.0.0
21 silly currentTree ├─┬ has-values@1.0.0
21 silly currentTree │ └── kind-of@4.0.0
21 silly currentTree ├── has@1.0.1
21 silly currentTree ├── hawk@3.1.3
21 silly currentTree ├── hoek@2.16.3
21 silly currentTree ├── homedir-polyfill@1.0.1
21 silly currentTree ├── hosted-git-info@2.5.0
21 silly currentTree ├── html-comment-regex@1.1.1
21 silly currentTree ├── http-errors@1.3.1
21 silly currentTree ├── http-parser-js@0.4.9
21 silly currentTree ├── http-signature@1.1.1
21 silly currentTree ├── iconv-lite@0.4.11
21 silly currentTree ├── in-publish@2.0.0
21 silly currentTree ├── indent-string@2.1.0
21 silly currentTree ├── indexes-of@1.0.1
21 silly currentTree ├── inflight@1.0.6
21 silly currentTree ├── inherits@2.0.3
21 silly currentTree ├── ini@1.3.5
21 silly currentTree ├── interpret@1.1.0
21 silly currentTree ├── invert-kv@1.0.0
21 silly currentTree ├── is-absolute-url@2.1.0
21 silly currentTree ├── is-absolute@1.0.0
21 silly currentTree ├── is-accessor-descriptor@1.0.0
21 silly currentTree ├── is-arrayish@0.2.1
21 silly currentTree ├── is-buffer@1.1.6
21 silly currentTree ├── is-builtin-module@1.0.0
21 silly currentTree ├── is-data-descriptor@1.0.0
21 silly currentTree ├── is-descriptor@1.0.2
21 silly currentTree ├── is-extendable@0.1.1
21 silly currentTree ├── is-extglob@2.1.1
21 silly currentTree ├── is-finite@1.0.2
21 silly currentTree ├── is-fullwidth-code-point@1.0.0
21 silly currentTree ├── is-glob@3.1.0
21 silly currentTree ├── is-my-json-valid@2.17.1
21 silly currentTree ├─┬ is-number@3.0.0
21 silly currentTree │ └── kind-of@3.2.2
21 silly currentTree ├── is-odd@1.0.0
21 silly currentTree ├── is-plain-obj@1.1.0
21 silly currentTree ├── is-plain-object@2.0.4
21 silly currentTree ├── is-property@1.0.2
21 silly currentTree ├── is-relative@1.0.0
21 silly currentTree ├── is-svg@2.1.0
21 silly currentTree ├── is-typedarray@1.0.0
21 silly currentTree ├── is-unc-path@1.0.0
21 silly currentTree ├── is-utf8@0.2.1
21 silly currentTree ├── is-windows@1.0.1
21 silly currentTree ├── isarray@0.0.1
21 silly currentTree ├── isexe@2.0.0
21 silly currentTree ├── isobject@3.0.1
21 silly currentTree ├── isstream@0.1.2
21 silly currentTree ├── jquery@3.3.1
21 silly currentTree ├── js-base64@2.4.1
21 silly currentTree ├── js-yaml@3.7.0
21 silly currentTree ├── jsbn@0.1.1
21 silly currentTree ├── json-schema@0.2.3
21 silly currentTree ├── json-stringify-safe@5.0.1
21 silly currentTree ├── jsonpointer@4.0.1
21 silly currentTree ├─┬ jsprim@1.4.1
21 silly currentTree │ └── assert-plus@1.0.0
21 silly currentTree ├── kind-of@6.0.2
21 silly currentTree ├── lazy-cache@2.0.2
21 silly currentTree ├── lazy-debug-legacy@0.0.1
21 silly currentTree ├── lcid@1.0.0
21 silly currentTree ├── liftoff@2.5.0
21 silly currentTree ├── livereload-js@2.3.0
21 silly currentTree ├─┬ load-json-file@1.1.0
21 silly currentTree │ ├── graceful-fs@4.1.11
21 silly currentTree │ └── strip-bom@2.0.0
21 silly currentTree ├── lodash._basecopy@3.0.1
21 silly currentTree ├── lodash._basetostring@3.0.1
21 silly currentTree ├── lodash._basevalues@3.0.0
21 silly currentTree ├── lodash._getnative@3.9.1
21 silly currentTree ├── lodash._isiterateecall@3.0.9
21 silly currentTree ├── lodash._reescape@3.0.0
21 silly currentTree ├── lodash._reevaluate@3.0.0
21 silly currentTree ├── lodash._reinterpolate@3.0.0
21 silly currentTree ├── lodash._root@3.0.1
21 silly currentTree ├── lodash.assign@4.2.0
21 silly currentTree ├── lodash.clonedeep@4.5.0
21 silly currentTree ├── lodash.escape@3.2.0
21 silly currentTree ├── lodash.isarguments@3.1.0
21 silly currentTree ├── lodash.isarray@3.0.4
21 silly currentTree ├── lodash.keys@3.1.2
21 silly currentTree ├── lodash.memoize@4.1.2
21 silly currentTree ├── lodash.mergewith@4.6.0
21 silly currentTree ├── lodash.restparam@3.6.1
21 silly currentTree ├── lodash.template@3.6.2
21 silly currentTree ├── lodash.templatesettings@3.1.1
21 silly currentTree ├── lodash.uniq@4.5.0
21 silly currentTree ├── lodash@1.0.2
21 silly currentTree ├── loud-rejection@1.6.0
21 silly currentTree ├── lru-cache@2.7.3
21 silly currentTree ├── macaddress@0.2.8
21 silly currentTree ├── make-error-cause@1.2.2
21 silly currentTree ├── make-error@1.3.2
21 silly currentTree ├─┬ make-iterator@1.0.0
21 silly currentTree │ └── kind-of@3.2.2
21 silly currentTree ├── map-cache@0.2.2
21 silly currentTree ├── map-obj@1.0.1
21 silly currentTree ├── map-stream@0.1.0
21 silly currentTree ├── map-visit@1.0.0
21 silly currentTree ├── math-expression-evaluator@1.2.17
21 silly currentTree ├── media-typer@0.3.0
21 silly currentTree ├─┬ meow@3.7.0
21 silly currentTree │ └── object-assign@4.1.1
21 silly currentTree ├─┬ method-override@2.3.10
21 silly currentTree │ └── vary@1.1.2
21 silly currentTree ├── methods@1.1.2
21 silly currentTree ├── micromatch@3.1.5
21 silly currentTree ├── mime-db@1.30.0
21 silly currentTree ├── mime-types@2.1.17
21 silly currentTree ├── mime@1.3.4
21 silly currentTree ├── minimatch@2.0.10
21 silly currentTree ├── minimist@1.2.0
21 silly currentTree ├─┬ mixin-deep@1.3.0
21 silly currentTree │ └── is-extendable@1.0.1
21 silly currentTree ├─┬ mkdirp@0.5.1
21 silly currentTree │ └── minimist@0.0.8
21 silly currentTree ├─┬ morgan@1.6.1
21 silly currentTree │ ├── debug@2.2.0
21 silly currentTree │ └── ms@0.7.1
21 silly currentTree ├── ms@2.0.0
21 silly currentTree ├── multiparty@3.3.2
21 silly currentTree ├── multipipe@0.1.2
21 silly currentTree ├── nan@2.8.0
21 silly currentTree ├─┬ nanomatch@1.2.7
21 silly currentTree │ └── kind-of@5.1.0
21 silly currentTree ├── natives@1.1.1
21 silly currentTree ├── negotiator@0.5.3
21 silly currentTree ├─┬ node-gyp@3.6.2
21 silly currentTree │ ├── glob@7.1.2
21 silly currentTree │ ├── graceful-fs@4.1.11
21 silly currentTree │ ├── minimatch@3.0.4
21 silly currentTree │ └── semver@5.3.0
21 silly currentTree ├─┬ node-sass@4.7.2
21 silly currentTree │ ├── gaze@1.1.2
21 silly currentTree │ ├── glob@7.1.2
21 silly currentTree │ ├── globule@1.2.0
21 silly currentTree │ ├── lodash@4.17.4
21 silly currentTree │ └── minimatch@3.0.4
21 silly currentTree ├── nopt@3.0.6
21 silly currentTree ├── normalize-package-data@2.4.0
21 silly currentTree ├── normalize-path@2.1.1
21 silly currentTree ├── normalize-range@0.1.2
21 silly currentTree ├─┬ normalize-url@1.9.1
21 silly currentTree │ └── object-assign@4.1.1
21 silly currentTree ├── npmlog@4.1.2
21 silly currentTree ├── num2fraction@1.2.2
21 silly currentTree ├── number-is-nan@1.0.1
21 silly currentTree ├── oauth-sign@0.8.2
21 silly currentTree ├── object-assign@3.0.0
21 silly currentTree ├─┬ object-copy@0.1.0
21 silly currentTree │ ├── define-property@0.2.5
21 silly currentTree │ ├── is-accessor-descriptor@0.1.6
21 silly currentTree │ ├── is-data-descriptor@0.1.4
21 silly currentTree │ ├─┬ is-descriptor@0.1.6
21 silly currentTree │ │ └── kind-of@5.1.0
21 silly currentTree │ └── kind-of@3.2.2
21 silly currentTree ├── object-visit@1.0.1
21 silly currentTree ├── object.defaults@1.1.0
21 silly currentTree ├── object.map@1.0.1
21 silly currentTree ├── object.pick@1.3.0
21 silly currentTree ├── on-finished@2.3.0
21 silly currentTree ├── on-headers@1.0.1
21 silly currentTree ├── once@1.3.3
21 silly currentTree ├── orchestrator@0.3.8
21 silly currentTree ├── ordered-read-streams@0.1.0
21 silly currentTree ├── os-homedir@1.0.2
21 silly currentTree ├── os-locale@1.4.0
21 silly currentTree ├── os-tmpdir@1.0.2
21 silly currentTree ├── osenv@0.1.4
21 silly currentTree ├── parse-filepath@1.0.2
21 silly currentTree ├── parse-json@2.2.0
21 silly currentTree ├── parse-passwd@1.0.0
21 silly currentTree ├── parseurl@1.3.2
21 silly currentTree ├── pascalcase@0.1.1
21 silly currentTree ├── path-exists@2.1.0
21 silly currentTree ├── path-is-absolute@1.0.1
21 silly currentTree ├── path-parse@1.0.5
21 silly currentTree ├── path-root-regex@0.1.2
21 silly currentTree ├── path-root@0.1.1
21 silly currentTree ├─┬ path-type@1.1.0
21 silly currentTree │ └── graceful-fs@4.1.11
21 silly currentTree ├── pause-stream@0.0.11
21 silly currentTree ├── pause@0.1.0
21 silly currentTree ├── pify@2.3.0
21 silly currentTree ├── pinkie-promise@2.0.1
21 silly currentTree ├── pinkie@2.0.4
21 silly currentTree ├─┬ plugin-error@0.1.2
21 silly currentTree │ ├── arr-diff@1.1.0
21 silly currentTree │ ├── arr-union@2.1.0
21 silly currentTree │ ├── array-slice@0.2.3
21 silly currentTree │ ├── extend-shallow@1.1.4
21 silly currentTree │ └── kind-of@1.1.0
21 silly currentTree ├── posix-character-classes@0.1.1
21 silly currentTree ├── postcss-calc@5.3.1
21 silly currentTree ├── postcss-colormin@2.2.2
21 silly currentTree ├── postcss-convert-values@2.6.1
21 silly currentTree ├── postcss-discard-comments@2.0.4
21 silly currentTree ├── postcss-discard-duplicates@2.1.0
21 silly currentTree ├── postcss-discard-empty@2.1.0
21 silly currentTree ├── postcss-discard-overridden@0.1.1
21 silly currentTree ├── postcss-discard-unused@2.2.3
21 silly currentTree ├── postcss-filter-plugins@2.0.2
21 silly currentTree ├── postcss-merge-idents@2.1.7
21 silly currentTree ├── postcss-merge-longhand@2.0.2
21 silly currentTree ├── postcss-merge-rules@2.1.2
21 silly currentTree ├── postcss-message-helpers@2.0.0
21 silly currentTree ├─┬ postcss-minify-font-values@1.0.5
21 silly currentTree │ └── object-assign@4.1.1
21 silly currentTree ├── postcss-minify-gradients@1.0.5
21 silly currentTree ├── postcss-minify-params@1.2.2
21 silly currentTree ├── postcss-minify-selectors@2.1.1
21 silly currentTree ├── postcss-normalize-charset@1.1.1
21 silly currentTree ├── postcss-normalize-url@3.0.8
21 silly currentTree ├── postcss-ordered-values@2.2.3
21 silly currentTree ├── postcss-reduce-idents@2.4.0
21 silly currentTree ├── postcss-reduce-initial@1.0.1
21 silly currentTree ├── postcss-reduce-transforms@1.0.4
21 silly currentTree ├── postcss-selector-parser@2.2.3
21 silly currentTree ├── postcss-svgo@2.1.6
21 silly currentTree ├── postcss-unique-selectors@2.0.2
21 silly currentTree ├── postcss-value-parser@3.3.0
21 silly currentTree ├── postcss-zindex@2.2.0
21 silly currentTree ├─┬ postcss@5.2.18
21 silly currentTree │ └── supports-color@3.2.3
21 silly currentTree ├── prepend-http@1.0.4
21 silly currentTree ├── pretty-hrtime@1.0.3
21 silly currentTree ├── process-nextick-args@1.0.7
21 silly currentTree ├── pseudomap@1.0.2
21 silly currentTree ├── punycode@1.4.1
21 silly currentTree ├── q@1.5.1
21 silly currentTree ├── qs@4.0.0
21 silly currentTree ├─┬ query-string@4.3.4
21 silly currentTree │ └── object-assign@4.1.1
21 silly currentTree ├── random-bytes@1.0.0
21 silly currentTree ├── range-parser@1.0.3
21 silly currentTree ├─┬ raw-body@2.1.7
21 silly currentTree │ ├── bytes@2.4.0
21 silly currentTree │ └── iconv-lite@0.4.13
21 silly currentTree ├── read-pkg-up@1.0.1
21 silly currentTree ├── read-pkg@1.1.0
21 silly currentTree ├── readable-stream@1.1.14
21 silly currentTree ├── rechoir@0.6.2
21 silly currentTree ├── redent@1.0.0
21 silly currentTree ├─┬ reduce-css-calc@1.3.0
21 silly currentTree │ └── balanced-match@0.4.2
21 silly currentTree ├─┬ reduce-function-call@1.0.2
21 silly currentTree │ └── balanced-match@0.4.2
21 silly currentTree ├── regex-not@1.0.0
21 silly currentTree ├── remove-trailing-separator@1.1.0
21 silly currentTree ├── repeat-element@1.1.2
21 silly currentTree ├── repeat-string@1.6.1
21 silly currentTree ├── repeating@2.0.1
21 silly currentTree ├── replace-ext@0.0.1
21 silly currentTree ├─┬ request@2.79.0
21 silly currentTree │ └── qs@6.3.2
21 silly currentTree ├── require-directory@2.1.1
21 silly currentTree ├── require-main-filename@1.0.1
21 silly currentTree ├── resolve-dir@1.0.1
21 silly currentTree ├── resolve-url@0.2.1
21 silly currentTree ├── resolve@1.5.0
21 silly currentTree ├─┬ response-time@2.3.2
21 silly currentTree │ └── depd@1.1.2
21 silly currentTree ├─┬ rimraf@2.6.2
21 silly currentTree │ ├── glob@7.1.2
21 silly currentTree │ └── minimatch@3.0.4
21 silly currentTree ├── rndm@1.2.0
21 silly currentTree ├── run-sequence@2.2.1
21 silly currentTree ├── safe-buffer@5.1.1
21 silly currentTree ├─┬ sass-graph@2.2.4
21 silly currentTree │ ├── glob@7.1.2
21 silly currentTree │ ├── lodash@4.17.4
21 silly currentTree │ └── minimatch@3.0.4
21 silly currentTree ├── sax@1.2.4
21 silly currentTree ├─┬ scss-tokenizer@0.2.3
21 silly currentTree │ └── source-map@0.4.4
21 silly currentTree ├── semver@4.3.6
21 silly currentTree ├─┬ send@0.13.2
21 silly currentTree │ ├── debug@2.2.0
21 silly currentTree │ ├── depd@1.1.2
21 silly currentTree │ ├── ms@0.7.1
21 silly currentTree │ └── statuses@1.2.1
21 silly currentTree ├── sequencify@0.0.7
21 silly currentTree ├─┬ serve-favicon@2.3.2
21 silly currentTree │ └── ms@0.7.2
21 silly currentTree ├─┬ serve-index@1.7.3
21 silly currentTree │ ├── debug@2.2.0
21 silly currentTree │ └── ms@0.7.1
21 silly currentTree ├── serve-static@1.10.3
21 silly currentTree ├── set-blocking@2.0.0
21 silly currentTree ├── set-getter@0.1.0
21 silly currentTree ├── set-value@2.0.0
21 silly currentTree ├── sigmund@1.0.1
21 silly currentTree ├── signal-exit@3.0.2
21 silly currentTree ├── snapdragon-node@2.1.1
21 silly currentTree ├─┬ snapdragon-util@3.0.1
21 silly currentTree │ └── kind-of@3.2.2
21 silly currentTree ├─┬ snapdragon@0.8.1
21 silly currentTree │ ├── define-property@0.2.5
21 silly currentTree │ ├─┬ is-accessor-descriptor@0.1.6
21 silly currentTree │ │ └── kind-of@3.2.2
21 silly currentTree │ ├─┬ is-data-descriptor@0.1.4
21 silly currentTree │ │ └── kind-of@3.2.2
21 silly currentTree │ ├── is-descriptor@0.1.6
21 silly currentTree │ └── kind-of@5.1.0
21 silly currentTree ├── sntp@1.0.9
21 silly currentTree ├── sort-keys@1.1.2
21 silly currentTree ├── source-map-resolve@0.5.1
21 silly currentTree ├── source-map-url@0.4.0
21 silly currentTree ├── source-map@0.5.7
21 silly currentTree ├── sparkles@1.0.0
21 silly currentTree ├── spdx-correct@1.0.2
21 silly currentTree ├── spdx-expression-parse@1.0.4
21 silly currentTree ├── spdx-license-ids@1.2.2
21 silly currentTree ├─┬ split-string@3.1.0
21 silly currentTree │ ├── extend-shallow@3.0.2
21 silly currentTree │ └── is-extendable@1.0.1
21 silly currentTree ├── split@0.3.3
21 silly currentTree ├── sprintf-js@1.0.3
21 silly currentTree ├─┬ sshpk@1.13.1
21 silly currentTree │ └── assert-plus@1.0.0
21 silly currentTree ├─┬ static-extend@0.1.2
21 silly currentTree │ ├── define-property@0.2.5
21 silly currentTree │ ├─┬ is-accessor-descriptor@0.1.6
21 silly currentTree │ │ └── kind-of@3.2.2
21 silly currentTree │ ├─┬ is-data-descriptor@0.1.4
21 silly currentTree │ │ └── kind-of@3.2.2
21 silly currentTree │ ├── is-descriptor@0.1.6
21 silly currentTree │ └── kind-of@5.1.0
21 silly currentTree ├── statuses@1.4.0
21 silly currentTree ├─┬ stdout-stream@1.4.0
21 silly currentTree │ ├── isarray@1.0.0
21 silly currentTree │ ├── readable-stream@2.3.3
21 silly currentTree │ └── string_decoder@1.0.3
21 silly currentTree ├── stream-combiner@0.0.4
21 silly currentTree ├── stream-consume@0.1.0
21 silly currentTree ├── stream-counter@0.2.0
21 silly currentTree ├── strict-uri-encode@1.1.0
21 silly currentTree ├── string_decoder@0.10.31
21 silly currentTree ├── string-width@1.0.2
21 silly currentTree ├── stringstream@0.0.5
21 silly currentTree ├── strip-ansi@3.0.1
21 silly currentTree ├── strip-bom@1.0.0
21 silly currentTree ├── strip-indent@1.0.1
21 silly currentTree ├── supports-color@2.0.0
21 silly currentTree ├── svgo@0.7.2
21 silly currentTree ├── tar@2.2.1
21 silly currentTree ├── through@2.3.8
21 silly currentTree ├─┬ through2@2.0.3
21 silly currentTree │ ├── isarray@1.0.0
21 silly currentTree │ ├── readable-stream@2.3.3
21 silly currentTree │ └── string_decoder@1.0.3
21 silly currentTree ├── tildify@1.2.0
21 silly currentTree ├── time-stamp@1.1.0
21 silly currentTree ├─┬ tiny-lr@0.2.1
21 silly currentTree │ ├─┬ body-parser@1.14.2
21 silly currentTree │ │ └── qs@5.2.0
21 silly currentTree │ ├── bytes@2.2.0
21 silly currentTree │ ├── debug@2.2.0
21 silly currentTree │ ├── depd@1.1.2
21 silly currentTree │ ├── iconv-lite@0.4.13
21 silly currentTree │ ├── ms@0.7.1
21 silly currentTree │ └── qs@5.1.0
21 silly currentTree ├─┬ to-object-path@0.3.0
21 silly currentTree │ └── kind-of@3.2.2
21 silly currentTree ├── to-regex-range@2.1.1
21 silly currentTree ├─┬ to-regex@3.0.1
21 silly currentTree │ ├── define-property@0.2.5
21 silly currentTree │ ├─┬ is-accessor-descriptor@0.1.6
21 silly currentTree │ │ └── kind-of@3.2.2
21 silly currentTree │ ├─┬ is-data-descriptor@0.1.4
21 silly currentTree │ │ └── kind-of@3.2.2
21 silly currentTree │ ├── is-descriptor@0.1.6
21 silly currentTree │ └── kind-of@5.1.0
21 silly currentTree ├── tough-cookie@2.3.3
21 silly currentTree ├── trim-newlines@1.0.0
21 silly currentTree ├─┬ true-case-path@1.0.2
21 silly currentTree │ └── glob@6.0.4
21 silly currentTree ├── tsscmp@1.0.5
21 silly currentTree ├── tunnel-agent@0.4.3
21 silly currentTree ├── tweetnacl@0.14.5
21 silly currentTree ├── type-is@1.6.15
21 silly currentTree ├─┬ uglify-js@3.3.8
21 silly currentTree │ └── source-map@0.6.1
21 silly currentTree ├── uid-safe@2.1.4
21 silly currentTree ├── unc-path-regex@0.1.2
21 silly currentTree ├─┬ union-value@1.0.0
21 silly currentTree │ └── set-value@0.4.3
21 silly currentTree ├── uniq@1.0.1
21 silly currentTree ├── uniqid@4.1.1
21 silly currentTree ├── uniqs@2.0.0
21 silly currentTree ├── unique-stream@1.0.0
21 silly currentTree ├── unpipe@1.0.0
21 silly currentTree ├─┬ unset-value@1.0.0
21 silly currentTree │ ├─┬ has-value@0.3.1
21 silly currentTree │ │ └── isobject@2.1.0
21 silly currentTree │ ├── has-values@0.1.4
21 silly currentTree │ └── isarray@1.0.0
21 silly currentTree ├── urix@0.1.0
21 silly currentTree ├─┬ use@2.0.2
21 silly currentTree │ ├── define-property@0.2.5
21 silly currentTree │ ├─┬ is-accessor-descriptor@0.1.6
21 silly currentTree │ │ └── kind-of@3.2.2
21 silly currentTree │ ├─┬ is-data-descriptor@0.1.4
21 silly currentTree │ │ └── kind-of@3.2.2
21 silly currentTree │ ├── is-descriptor@0.1.6
21 silly currentTree │ └── kind-of@5.1.0
21 silly currentTree ├── user-home@1.1.1
21 silly currentTree ├── util-deprecate@1.0.2
21 silly currentTree ├── utils-merge@1.0.0
21 silly currentTree ├── uuid@3.2.1
21 silly currentTree ├── v8flags@2.1.1
21 silly currentTree ├── validate-npm-package-license@3.0.1
21 silly currentTree ├── vary@1.0.1
21 silly currentTree ├── vendors@1.0.1
21 silly currentTree ├─┬ verror@1.10.0
21 silly currentTree │ └── assert-plus@1.0.0
21 silly currentTree ├── vhost@3.0.2
21 silly currentTree ├─┬ vinyl-fs@0.3.14
21 silly currentTree │ ├── clone@0.2.0
21 silly currentTree │ ├── readable-stream@1.0.34
21 silly currentTree │ ├── through2@0.6.5
21 silly currentTree │ └── vinyl@0.4.6
21 silly currentTree ├── vinyl-sourcemaps-apply@0.2.1
21 silly currentTree ├── vinyl@0.5.3
21 silly currentTree ├── websocket-driver@0.7.0
21 silly currentTree ├── websocket-extensions@0.1.3
21 silly currentTree ├── whet.extend@0.9.9
21 silly currentTree ├── which-module@1.0.0
21 silly currentTree ├── which@1.3.0
21 silly currentTree ├── wide-align@1.1.2
21 silly currentTree ├── wrap-ansi@2.1.0
21 silly currentTree ├── wrappy@1.0.2
21 silly currentTree ├── xtend@4.0.1
21 silly currentTree ├── y18n@3.2.1
21 silly currentTree ├── yallist@2.1.2
21 silly currentTree ├─┬ yargs-parser@5.0.0
21 silly currentTree │ └── camelcase@3.0.0
21 silly currentTree └─┬ yargs@7.1.0
21 silly currentTree   └── camelcase@3.0.0
22 silly idealTree some_name@0.0.0
22 silly idealTree ├── @gulp-sourcemaps/map-sources@1.0.0
22 silly idealTree ├── abbrev@1.1.1
22 silly idealTree ├── accepts@1.2.13
22 silly idealTree ├── acorn@4.0.13
22 silly idealTree ├── alphanum-sort@1.0.2
22 silly idealTree ├── amdefine@1.0.1
22 silly idealTree ├── ansi-colors@1.0.1
22 silly idealTree ├── ansi-cyan@0.1.1
22 silly idealTree ├── ansi-gray@0.1.1
22 silly idealTree ├── ansi-red@0.1.1
22 silly idealTree ├── ansi-regex@2.1.1
22 silly idealTree ├── ansi-styles@2.2.1
22 silly idealTree ├── ansi-wrap@0.1.0
22 silly idealTree ├── aproba@1.2.0
22 silly idealTree ├── archy@1.0.0
22 silly idealTree ├─┬ are-we-there-yet@1.1.4
22 silly idealTree │ ├── isarray@1.0.0
22 silly idealTree │ ├── readable-stream@2.3.3
22 silly idealTree │ └── string_decoder@1.0.3
22 silly idealTree ├── argparse@1.0.9
22 silly idealTree ├── arr-diff@4.0.0
22 silly idealTree ├── arr-flatten@1.1.0
22 silly idealTree ├── arr-union@3.1.0
22 silly idealTree ├── array-differ@1.0.0
22 silly idealTree ├── array-each@1.0.1
22 silly idealTree ├── array-find-index@1.0.2
22 silly idealTree ├── array-slice@1.1.0
22 silly idealTree ├── array-uniq@1.0.3
22 silly idealTree ├── array-unique@0.3.2
22 silly idealTree ├── asn1@0.2.3
22 silly idealTree ├── assert-plus@0.2.0
22 silly idealTree ├── assign-symbols@1.0.0
22 silly idealTree ├── async-foreach@0.1.3
22 silly idealTree ├── asynckit@0.4.0
22 silly idealTree ├── atob@2.0.3
22 silly idealTree ├── autoprefixer@6.7.7
22 silly idealTree ├── aws-sign2@0.6.0
22 silly idealTree ├── aws4@1.6.0
22 silly idealTree ├── balanced-match@1.0.0
22 silly idealTree ├── base@0.11.2
22 silly idealTree ├── base64-url@1.2.1
22 silly idealTree ├── basic-auth-connect@1.0.0
22 silly idealTree ├── basic-auth@1.0.4
22 silly idealTree ├── batch@0.5.3
22 silly idealTree ├── bcrypt-pbkdf@1.0.1
22 silly idealTree ├── beeper@1.1.1
22 silly idealTree ├── block-stream@0.0.9
22 silly idealTree ├─┬ body-parser@1.13.3
22 silly idealTree │ ├── debug@2.2.0
22 silly idealTree │ └── ms@0.7.1
22 silly idealTree ├── boolean@0.1.3
22 silly idealTree ├── boom@2.10.1
22 silly idealTree ├── bootstrap@4.0.0
22 silly idealTree ├── brace-expansion@1.1.8
22 silly idealTree ├── braces@2.3.0
22 silly idealTree ├── browserslist@1.7.7
22 silly idealTree ├── builtin-modules@1.1.1
22 silly idealTree ├── bytes@2.1.0
22 silly idealTree ├── cache-base@1.0.1
22 silly idealTree ├── camelcase-keys@2.1.0
22 silly idealTree ├── camelcase@2.1.1
22 silly idealTree ├── caniuse-api@1.6.1
22 silly idealTree ├── caniuse-db@1.0.30000793
22 silly idealTree ├── caseless@0.11.0
22 silly idealTree ├── chalk@1.1.3
22 silly idealTree ├── clap@1.2.3
22 silly idealTree ├─┬ class-utils@0.3.6
22 silly idealTree │ ├── define-property@0.2.5
22 silly idealTree │ ├─┬ is-accessor-descriptor@0.1.6
22 silly idealTree │ │ └── kind-of@3.2.2
22 silly idealTree │ ├─┬ is-data-descriptor@0.1.4
22 silly idealTree │ │ └── kind-of@3.2.2
22 silly idealTree │ ├── is-descriptor@0.1.6
22 silly idealTree │ └── kind-of@5.1.0
22 silly idealTree ├── cliui@3.2.0
22 silly idealTree ├── clone-buffer@1.0.0
22 silly idealTree ├── clone-stats@0.0.1
22 silly idealTree ├── clone@1.0.3
22 silly idealTree ├── cloneable-readable@1.0.0
22 silly idealTree ├── coa@1.0.4
22 silly idealTree ├── code-point-at@1.1.0
22 silly idealTree ├── collection-visit@1.0.0
22 silly idealTree ├── color-convert@1.9.1
22 silly idealTree ├── color-name@1.1.3
22 silly idealTree ├── color-string@0.3.0
22 silly idealTree ├── color-support@1.1.3
22 silly idealTree ├── color@0.11.4
22 silly idealTree ├── colormin@1.1.2
22 silly idealTree ├── colors@1.1.2
22 silly idealTree ├── combined-stream@1.0.5
22 silly idealTree ├── commander@2.13.0
22 silly idealTree ├── component-emitter@1.2.1
22 silly idealTree ├── compressible@2.0.12
22 silly idealTree ├─┬ compression@1.5.2
22 silly idealTree │ ├── debug@2.2.0
22 silly idealTree │ └── ms@0.7.1
22 silly idealTree ├── concat-map@0.0.1
22 silly idealTree ├─┬ concat-with-sourcemaps@1.0.5
22 silly idealTree │ └── source-map@0.6.1
22 silly idealTree ├── connect-livereload@0.5.4
22 silly idealTree ├─┬ connect-timeout@1.6.2
22 silly idealTree │ ├── debug@2.2.0
22 silly idealTree │ └── ms@0.7.1
22 silly idealTree ├─┬ connect@2.30.2
22 silly idealTree │ ├── debug@2.2.0
22 silly idealTree │ └── ms@0.7.1
22 silly idealTree ├── console-control-strings@1.1.0
22 silly idealTree ├── content-type@1.0.4
22 silly idealTree ├── convert-source-map@1.5.1
22 silly idealTree ├── cookie-parser@1.3.5
22 silly idealTree ├── cookie-signature@1.0.6
22 silly idealTree ├── cookie@0.1.3
22 silly idealTree ├── copy-descriptor@0.1.1
22 silly idealTree ├── core-util-is@1.0.2
22 silly idealTree ├── crc@3.3.0
22 silly idealTree ├─┬ cross-spawn@3.0.1
22 silly idealTree │ └── lru-cache@4.1.1
22 silly idealTree ├── cryptiles@2.0.5
22 silly idealTree ├── csrf@3.0.6
22 silly idealTree ├── css-color-names@0.0.4
22 silly idealTree ├─┬ css@2.2.1
22 silly idealTree │ ├── atob@1.1.3
22 silly idealTree │ ├── source-map-resolve@0.3.1
22 silly idealTree │ ├── source-map-url@0.3.0
22 silly idealTree │ └── source-map@0.1.43
22 silly idealTree ├─┬ cssnano@3.10.0
22 silly idealTree │ └── object-assign@4.1.1
22 silly idealTree ├── csso@2.3.2
22 silly idealTree ├── csurf@1.8.3
22 silly idealTree ├── currently-unhandled@0.4.1
22 silly idealTree ├─┬ dashdash@1.14.1
22 silly idealTree │ └── assert-plus@1.0.0
22 silly idealTree ├── dateformat@2.2.0
22 silly idealTree ├─┬ debug-fabulous@0.0.4
22 silly idealTree │ └── object-assign@4.1.0
22 silly idealTree ├── debug@2.6.9
22 silly idealTree ├── decamelize@1.2.0
22 silly idealTree ├── decode-uri-component@0.2.0
22 silly idealTree ├── defaults@1.0.3
22 silly idealTree ├── define-property@1.0.0
22 silly idealTree ├── defined@1.0.0
22 silly idealTree ├── delayed-stream@1.0.0
22 silly idealTree ├── delegates@1.0.0
22 silly idealTree ├── depd@1.0.1
22 silly idealTree ├── deprecated@0.0.1
22 silly idealTree ├── destroy@1.0.4
22 silly idealTree ├── detect-file@1.0.0
22 silly idealTree ├── detect-newline@2.1.0
22 silly idealTree ├── duplexer@0.1.1
22 silly idealTree ├── duplexer2@0.0.2
22 silly idealTree ├── ecc-jsbn@0.1.1
22 silly idealTree ├── ee-first@1.1.1
22 silly idealTree ├── electron-to-chromium@1.3.31
22 silly idealTree ├── end-of-stream@0.1.5
22 silly idealTree ├── error-ex@1.3.1
22 silly idealTree ├─┬ errorhandler@1.4.3
22 silly idealTree │ ├── accepts@1.3.4
22 silly idealTree │ └── negotiator@0.6.1
22 silly idealTree ├── escape-html@1.0.3
22 silly idealTree ├── escape-string-regexp@1.0.5
22 silly idealTree ├── esprima@2.7.3
22 silly idealTree ├── etag@1.7.0
22 silly idealTree ├── event-stream@3.3.4
22 silly idealTree ├─┬ expand-brackets@2.1.4
22 silly idealTree │ ├── define-property@0.2.5
22 silly idealTree │ ├─┬ is-accessor-descriptor@0.1.6
22 silly idealTree │ │ └── kind-of@3.2.2
22 silly idealTree │ ├─┬ is-data-descriptor@0.1.4
22 silly idealTree │ │ └── kind-of@3.2.2
22 silly idealTree │ ├── is-descriptor@0.1.6
22 silly idealTree │ └── kind-of@5.1.0
22 silly idealTree ├── expand-tilde@2.0.2
22 silly idealTree ├─┬ express-session@1.11.3
22 silly idealTree │ ├── debug@2.2.0
22 silly idealTree │ ├── ms@0.7.1
22 silly idealTree │ └── uid-safe@2.0.0
22 silly idealTree ├── extend-shallow@2.0.1
22 silly idealTree ├── extend@3.0.1
22 silly idealTree ├── extglob@2.0.4
22 silly idealTree ├── extsprintf@1.3.0
22 silly idealTree ├── fancy-log@1.3.2
22 silly idealTree ├── faye-websocket@0.10.0
22 silly idealTree ├── fill-range@4.0.0
22 silly idealTree ├─┬ finalhandler@0.4.0
22 silly idealTree │ ├── debug@2.2.0
22 silly idealTree │ ├── escape-html@1.0.2
22 silly idealTree │ └── ms@0.7.1
22 silly idealTree ├── find-index@0.1.1
22 silly idealTree ├── find-up@1.1.2
22 silly idealTree ├── findup-sync@2.0.0
22 silly idealTree ├── fined@1.1.0
22 silly idealTree ├── first-chunk-stream@1.0.0
22 silly idealTree ├── flagged-respawn@1.0.0
22 silly idealTree ├── flatten@1.0.2
22 silly idealTree ├── for-in@1.0.2
22 silly idealTree ├── for-own@1.0.0
22 silly idealTree ├── forever-agent@0.6.1
22 silly idealTree ├── form-data@2.1.4
22 silly idealTree ├── fragment-cache@0.2.1
22 silly idealTree ├── fresh@0.3.0
22 silly idealTree ├── from@0.1.7
22 silly idealTree ├── fs.realpath@1.0.0
22 silly idealTree ├─┬ fstream@1.0.11
22 silly idealTree │ └── graceful-fs@4.1.11
22 silly idealTree ├── function-bind@1.1.1
22 silly idealTree ├─┬ gauge@2.7.4
22 silly idealTree │ └── object-assign@4.1.1
22 silly idealTree ├── gaze@0.5.2
22 silly idealTree ├── generate-function@2.0.0
22 silly idealTree ├── generate-object-property@1.2.0
22 silly idealTree ├── get-caller-file@1.0.2
22 silly idealTree ├── get-stdin@4.0.1
22 silly idealTree ├── get-value@2.0.6
22 silly idealTree ├─┬ getpass@0.1.7
22 silly idealTree │ └── assert-plus@1.0.0
22 silly idealTree ├─┬ glob-stream@3.1.18
22 silly idealTree │ ├── readable-stream@1.0.34
22 silly idealTree │ └── through2@0.6.5
22 silly idealTree ├── glob-watcher@0.0.6
22 silly idealTree ├── glob@4.5.3
22 silly idealTree ├── glob2base@0.0.12
22 silly idealTree ├── global-modules@1.0.0
22 silly idealTree ├── global-prefix@1.0.2
22 silly idealTree ├─┬ globule@0.1.0
22 silly idealTree │ ├── glob@3.1.21
22 silly idealTree │ ├── graceful-fs@1.2.3
22 silly idealTree │ ├── inherits@1.0.2
22 silly idealTree │ └── minimatch@0.2.14
22 silly idealTree ├── glogg@1.0.0
22 silly idealTree ├── graceful-fs@3.0.11
22 silly idealTree ├─┬ gulp-concat@2.6.1
22 silly idealTree │ ├── clone-stats@1.0.0
22 silly idealTree │ ├── clone@2.1.1
22 silly idealTree │ ├── replace-ext@1.0.0
22 silly idealTree │ └── vinyl@2.1.0
22 silly idealTree ├── gulp-connect@5.2.0
22 silly idealTree ├─┬ gulp-cssnano@2.1.2
22 silly idealTree │ └── object-assign@4.1.1
22 silly idealTree ├── gulp-rimraf@0.2.2
22 silly idealTree ├── gulp-sass@3.1.0
22 silly idealTree ├─┬ gulp-sourcemaps@1.12.1
22 silly idealTree │ ├── graceful-fs@4.1.11
22 silly idealTree │ ├── source-map@0.6.1
22 silly idealTree │ ├── strip-bom@2.0.0
22 silly idealTree │ └── vinyl@1.2.0
22 silly idealTree ├─┬ gulp-uglify@3.0.0
22 silly idealTree │ └── lodash@4.17.4
22 silly idealTree ├── gulp-util@3.0.8
22 silly idealTree ├── gulp@3.9.1
22 silly idealTree ├── gulplog@1.0.0
22 silly idealTree ├── har-validator@2.0.6
22 silly idealTree ├── has-ansi@2.0.0
22 silly idealTree ├── has-flag@1.0.0
22 silly idealTree ├── has-gulplog@0.1.0
22 silly idealTree ├── has-unicode@2.0.1
22 silly idealTree ├── has-value@1.0.0
22 silly idealTree ├─┬ has-values@1.0.0
22 silly idealTree │ └── kind-of@4.0.0
22 silly idealTree ├── has@1.0.1
22 silly idealTree ├── hawk@3.1.3
22 silly idealTree ├── hoek@2.16.3
22 silly idealTree ├── homedir-polyfill@1.0.1
22 silly idealTree ├── hosted-git-info@2.5.0
22 silly idealTree ├── html-comment-regex@1.1.1
22 silly idealTree ├── http-errors@1.3.1
22 silly idealTree ├── http-parser-js@0.4.9
22 silly idealTree ├── http-signature@1.1.1
22 silly idealTree ├── iconv-lite@0.4.11
22 silly idealTree ├── in-publish@2.0.0
22 silly idealTree ├── indent-string@2.1.0
22 silly idealTree ├── indexes-of@1.0.1
22 silly idealTree ├── inflight@1.0.6
22 silly idealTree ├── inherits@2.0.3
22 silly idealTree ├── ini@1.3.5
22 silly idealTree ├── interpret@1.1.0
22 silly idealTree ├── invert-kv@1.0.0
22 silly idealTree ├── is-absolute-url@2.1.0
22 silly idealTree ├── is-absolute@1.0.0
22 silly idealTree ├── is-accessor-descriptor@1.0.0
22 silly idealTree ├── is-arrayish@0.2.1
22 silly idealTree ├── is-buffer@1.1.6
22 silly idealTree ├── is-builtin-module@1.0.0
22 silly idealTree ├── is-data-descriptor@1.0.0
22 silly idealTree ├── is-descriptor@1.0.2
22 silly idealTree ├── is-extendable@0.1.1
22 silly idealTree ├── is-extglob@2.1.1
22 silly idealTree ├── is-finite@1.0.2
22 silly idealTree ├── is-fullwidth-code-point@1.0.0
22 silly idealTree ├── is-glob@3.1.0
22 silly idealTree ├── is-my-json-valid@2.17.1
22 silly idealTree ├─┬ is-number@3.0.0
22 silly idealTree │ └── kind-of@3.2.2
22 silly idealTree ├── is-odd@1.0.0
22 silly idealTree ├── is-plain-obj@1.1.0
22 silly idealTree ├── is-plain-object@2.0.4
22 silly idealTree ├── is-property@1.0.2
22 silly idealTree ├── is-relative@1.0.0
22 silly idealTree ├── is-svg@2.1.0
22 silly idealTree ├── is-typedarray@1.0.0
22 silly idealTree ├── is-unc-path@1.0.0
22 silly idealTree ├── is-utf8@0.2.1
22 silly idealTree ├── is-windows@1.0.1
22 silly idealTree ├── isarray@0.0.1
22 silly idealTree ├── isexe@2.0.0
22 silly idealTree ├── isobject@3.0.1
22 silly idealTree ├── isstream@0.1.2
22 silly idealTree ├── jquery@3.3.1
22 silly idealTree ├── js-base64@2.4.1
22 silly idealTree ├── js-yaml@3.7.0
22 silly idealTree ├── jsbn@0.1.1
22 silly idealTree ├── json-schema@0.2.3
22 silly idealTree ├── json-stringify-safe@5.0.1
22 silly idealTree ├── jsonpointer@4.0.1
22 silly idealTree ├─┬ jsprim@1.4.1
22 silly idealTree │ └── assert-plus@1.0.0
22 silly idealTree ├── kind-of@6.0.2
22 silly idealTree ├── lazy-cache@2.0.2
22 silly idealTree ├── lazy-debug-legacy@0.0.1
22 silly idealTree ├── lcid@1.0.0
22 silly idealTree ├── liftoff@2.5.0
22 silly idealTree ├── livereload-js@2.3.0
22 silly idealTree ├─┬ load-json-file@1.1.0
22 silly idealTree │ ├── graceful-fs@4.1.11
22 silly idealTree │ └── strip-bom@2.0.0
22 silly idealTree ├── lodash._basecopy@3.0.1
22 silly idealTree ├── lodash._basetostring@3.0.1
22 silly idealTree ├── lodash._basevalues@3.0.0
22 silly idealTree ├── lodash._getnative@3.9.1
22 silly idealTree ├── lodash._isiterateecall@3.0.9
22 silly idealTree ├── lodash._reescape@3.0.0
22 silly idealTree ├── lodash._reevaluate@3.0.0
22 silly idealTree ├── lodash._reinterpolate@3.0.0
22 silly idealTree ├── lodash._root@3.0.1
22 silly idealTree ├── lodash.assign@4.2.0
22 silly idealTree ├── lodash.clonedeep@4.5.0
22 silly idealTree ├── lodash.escape@3.2.0
22 silly idealTree ├── lodash.isarguments@3.1.0
22 silly idealTree ├── lodash.isarray@3.0.4
22 silly idealTree ├── lodash.keys@3.1.2
22 silly idealTree ├── lodash.memoize@4.1.2
22 silly idealTree ├── lodash.mergewith@4.6.0
22 silly idealTree ├── lodash.restparam@3.6.1
22 silly idealTree ├── lodash.template@3.6.2
22 silly idealTree ├── lodash.templatesettings@3.1.1
22 silly idealTree ├── lodash.uniq@4.5.0
22 silly idealTree ├── lodash@1.0.2
22 silly idealTree ├── loud-rejection@1.6.0
22 silly idealTree ├── lru-cache@2.7.3
22 silly idealTree ├── macaddress@0.2.8
22 silly idealTree ├── make-error-cause@1.2.2
22 silly idealTree ├── make-error@1.3.2
22 silly idealTree ├─┬ make-iterator@1.0.0
22 silly idealTree │ └── kind-of@3.2.2
22 silly idealTree ├── map-cache@0.2.2
22 silly idealTree ├── map-obj@1.0.1
22 silly idealTree ├── map-stream@0.1.0
22 silly idealTree ├── map-visit@1.0.0
22 silly idealTree ├── math-expression-evaluator@1.2.17
22 silly idealTree ├── media-typer@0.3.0
22 silly idealTree ├─┬ meow@3.7.0
22 silly idealTree │ └── object-assign@4.1.1
22 silly idealTree ├─┬ method-override@2.3.10
22 silly idealTree │ └── vary@1.1.2
22 silly idealTree ├── methods@1.1.2
22 silly idealTree ├── micromatch@3.1.5
22 silly idealTree ├── mime-db@1.30.0
22 silly idealTree ├── mime-types@2.1.17
22 silly idealTree ├── mime@1.3.4
22 silly idealTree ├── minimatch@2.0.10
22 silly idealTree ├── minimist@1.2.0
22 silly idealTree ├─┬ mixin-deep@1.3.0
22 silly idealTree │ └── is-extendable@1.0.1
22 silly idealTree ├─┬ mkdirp@0.5.1
22 silly idealTree │ └── minimist@0.0.8
22 silly idealTree ├─┬ morgan@1.6.1
22 silly idealTree │ ├── debug@2.2.0
22 silly idealTree │ └── ms@0.7.1
22 silly idealTree ├── ms@2.0.0
22 silly idealTree ├── multiparty@3.3.2
22 silly idealTree ├── multipipe@0.1.2
22 silly idealTree ├── nan@2.8.0
22 silly idealTree ├─┬ nanomatch@1.2.7
22 silly idealTree │ └── kind-of@5.1.0
22 silly idealTree ├── natives@1.1.1
22 silly idealTree ├── negotiator@0.5.3
22 silly idealTree ├─┬ node-gyp@3.6.2
22 silly idealTree │ ├── glob@7.1.2
22 silly idealTree │ ├── graceful-fs@4.1.11
22 silly idealTree │ ├── minimatch@3.0.4
22 silly idealTree │ └── semver@5.3.0
22 silly idealTree ├─┬ node-sass@4.7.2
22 silly idealTree │ ├── gaze@1.1.2
22 silly idealTree │ ├── glob@7.1.2
22 silly idealTree │ ├── globule@1.2.0
22 silly idealTree │ ├── lodash@4.17.4
22 silly idealTree │ └── minimatch@3.0.4
22 silly idealTree ├── nopt@3.0.6
22 silly idealTree ├── normalize-package-data@2.4.0
22 silly idealTree ├── normalize-path@2.1.1
22 silly idealTree ├── normalize-range@0.1.2
22 silly idealTree ├─┬ normalize-url@1.9.1
22 silly idealTree │ └── object-assign@4.1.1
22 silly idealTree ├── npmlog@4.1.2
22 silly idealTree ├── num2fraction@1.2.2
22 silly idealTree ├── number-is-nan@1.0.1
22 silly idealTree ├── oauth-sign@0.8.2
22 silly idealTree ├── object-assign@3.0.0
22 silly idealTree ├─┬ object-copy@0.1.0
22 silly idealTree │ ├── define-property@0.2.5
22 silly idealTree │ ├── is-accessor-descriptor@0.1.6
22 silly idealTree │ ├── is-data-descriptor@0.1.4
22 silly idealTree │ ├─┬ is-descriptor@0.1.6
22 silly idealTree │ │ └── kind-of@5.1.0
22 silly idealTree │ └── kind-of@3.2.2
22 silly idealTree ├── object-visit@1.0.1
22 silly idealTree ├── object.defaults@1.1.0
22 silly idealTree ├── object.map@1.0.1
22 silly idealTree ├── object.pick@1.3.0
22 silly idealTree ├── on-finished@2.3.0
22 silly idealTree ├── on-headers@1.0.1
22 silly idealTree ├── once@1.3.3
22 silly idealTree ├── orchestrator@0.3.8
22 silly idealTree ├── ordered-read-streams@0.1.0
22 silly idealTree ├── os-homedir@1.0.2
22 silly idealTree ├── os-locale@1.4.0
22 silly idealTree ├── os-tmpdir@1.0.2
22 silly idealTree ├── osenv@0.1.4
22 silly idealTree ├── parse-filepath@1.0.2
22 silly idealTree ├── parse-json@2.2.0
22 silly idealTree ├── parse-passwd@1.0.0
22 silly idealTree ├── parseurl@1.3.2
22 silly idealTree ├── pascalcase@0.1.1
22 silly idealTree ├── path-exists@2.1.0
22 silly idealTree ├── path-is-absolute@1.0.1
22 silly idealTree ├── path-parse@1.0.5
22 silly idealTree ├── path-root-regex@0.1.2
22 silly idealTree ├── path-root@0.1.1
22 silly idealTree ├─┬ path-type@1.1.0
22 silly idealTree │ └── graceful-fs@4.1.11
22 silly idealTree ├── pause-stream@0.0.11
22 silly idealTree ├── pause@0.1.0
22 silly idealTree ├── pify@2.3.0
22 silly idealTree ├── pinkie-promise@2.0.1
22 silly idealTree ├── pinkie@2.0.4
22 silly idealTree ├─┬ plugin-error@0.1.2
22 silly idealTree │ ├── arr-diff@1.1.0
22 silly idealTree │ ├── arr-union@2.1.0
22 silly idealTree │ ├── array-slice@0.2.3
22 silly idealTree │ ├── extend-shallow@1.1.4
22 silly idealTree │ └── kind-of@1.1.0
22 silly idealTree ├── posix-character-classes@0.1.1
22 silly idealTree ├── postcss-calc@5.3.1
22 silly idealTree ├── postcss-colormin@2.2.2
22 silly idealTree ├── postcss-convert-values@2.6.1
22 silly idealTree ├── postcss-discard-comments@2.0.4
22 silly idealTree ├── postcss-discard-duplicates@2.1.0
22 silly idealTree ├── postcss-discard-empty@2.1.0
22 silly idealTree ├── postcss-discard-overridden@0.1.1
22 silly idealTree ├── postcss-discard-unused@2.2.3
22 silly idealTree ├── postcss-filter-plugins@2.0.2
22 silly idealTree ├── postcss-merge-idents@2.1.7
22 silly idealTree ├── postcss-merge-longhand@2.0.2
22 silly idealTree ├── postcss-merge-rules@2.1.2
22 silly idealTree ├── postcss-message-helpers@2.0.0
22 silly idealTree ├─┬ postcss-minify-font-values@1.0.5
22 silly idealTree │ └── object-assign@4.1.1
22 silly idealTree ├── postcss-minify-gradients@1.0.5
22 silly idealTree ├── postcss-minify-params@1.2.2
22 silly idealTree ├── postcss-minify-selectors@2.1.1
22 silly idealTree ├── postcss-normalize-charset@1.1.1
22 silly idealTree ├── postcss-normalize-url@3.0.8
22 silly idealTree ├── postcss-ordered-values@2.2.3
22 silly idealTree ├── postcss-reduce-idents@2.4.0
22 silly idealTree ├── postcss-reduce-initial@1.0.1
22 silly idealTree ├── postcss-reduce-transforms@1.0.4
22 silly idealTree ├── postcss-selector-parser@2.2.3
22 silly idealTree ├── postcss-svgo@2.1.6
22 silly idealTree ├── postcss-unique-selectors@2.0.2
22 silly idealTree ├── postcss-value-parser@3.3.0
22 silly idealTree ├── postcss-zindex@2.2.0
22 silly idealTree ├─┬ postcss@5.2.18
22 silly idealTree │ └── supports-color@3.2.3
22 silly idealTree ├── prepend-http@1.0.4
22 silly idealTree ├── pretty-hrtime@1.0.3
22 silly idealTree ├── process-nextick-args@1.0.7
22 silly idealTree ├── pseudomap@1.0.2
22 silly idealTree ├── punycode@1.4.1
22 silly idealTree ├── q@1.5.1
22 silly idealTree ├── qs@4.0.0
22 silly idealTree ├─┬ query-string@4.3.4
22 silly idealTree │ └── object-assign@4.1.1
22 silly idealTree ├── random-bytes@1.0.0
22 silly idealTree ├── range-parser@1.0.3
22 silly idealTree ├─┬ raw-body@2.1.7
22 silly idealTree │ ├── bytes@2.4.0
22 silly idealTree │ └── iconv-lite@0.4.13
22 silly idealTree ├── read-pkg-up@1.0.1
22 silly idealTree ├── read-pkg@1.1.0
22 silly idealTree ├── readable-stream@1.1.14
22 silly idealTree ├── rechoir@0.6.2
22 silly idealTree ├── redent@1.0.0
22 silly idealTree ├─┬ reduce-css-calc@1.3.0
22 silly idealTree │ └── balanced-match@0.4.2
22 silly idealTree ├─┬ reduce-function-call@1.0.2
22 silly idealTree │ └── balanced-match@0.4.2
22 silly idealTree ├── regex-not@1.0.0
22 silly idealTree ├── remove-trailing-separator@1.1.0
22 silly idealTree ├── repeat-element@1.1.2
22 silly idealTree ├── repeat-string@1.6.1
22 silly idealTree ├── repeating@2.0.1
22 silly idealTree ├── replace-ext@0.0.1
22 silly idealTree ├─┬ request@2.79.0
22 silly idealTree │ └── qs@6.3.2
22 silly idealTree ├── require-directory@2.1.1
22 silly idealTree ├── require-main-filename@1.0.1
22 silly idealTree ├── resolve-dir@1.0.1
22 silly idealTree ├── resolve-url@0.2.1
22 silly idealTree ├── resolve@1.5.0
22 silly idealTree ├─┬ response-time@2.3.2
22 silly idealTree │ └── depd@1.1.2
22 silly idealTree ├─┬ rimraf@2.6.2
22 silly idealTree │ ├── glob@7.1.2
22 silly idealTree │ └── minimatch@3.0.4
22 silly idealTree ├── rndm@1.2.0
22 silly idealTree ├── run-sequence@2.2.1
22 silly idealTree ├── safe-buffer@5.1.1
22 silly idealTree ├─┬ sass-graph@2.2.4
22 silly idealTree │ ├── glob@7.1.2
22 silly idealTree │ ├── lodash@4.17.4
22 silly idealTree │ └── minimatch@3.0.4
22 silly idealTree ├── sax@1.2.4
22 silly idealTree ├─┬ scss-tokenizer@0.2.3
22 silly idealTree │ └── source-map@0.4.4
22 silly idealTree ├── semver@4.3.6
22 silly idealTree ├─┬ send@0.13.2
22 silly idealTree │ ├── debug@2.2.0
22 silly idealTree │ ├── depd@1.1.2
22 silly idealTree │ ├── ms@0.7.1
22 silly idealTree │ └── statuses@1.2.1
22 silly idealTree ├── sequencify@0.0.7
22 silly idealTree ├─┬ serve-favicon@2.3.2
22 silly idealTree │ └── ms@0.7.2
22 silly idealTree ├─┬ serve-index@1.7.3
22 silly idealTree │ ├── debug@2.2.0
22 silly idealTree │ └── ms@0.7.1
22 silly idealTree ├── serve-static@1.10.3
22 silly idealTree ├── set-blocking@2.0.0
22 silly idealTree ├── set-getter@0.1.0
22 silly idealTree ├── set-value@2.0.0
22 silly idealTree ├── sigmund@1.0.1
22 silly idealTree ├── signal-exit@3.0.2
22 silly idealTree ├── snapdragon-node@2.1.1
22 silly idealTree ├─┬ snapdragon-util@3.0.1
22 silly idealTree │ └── kind-of@3.2.2
22 silly idealTree ├─┬ snapdragon@0.8.1
22 silly idealTree │ ├── define-property@0.2.5
22 silly idealTree │ ├─┬ is-accessor-descriptor@0.1.6
22 silly idealTree │ │ └── kind-of@3.2.2
22 silly idealTree │ ├─┬ is-data-descriptor@0.1.4
22 silly idealTree │ │ └── kind-of@3.2.2
22 silly idealTree │ ├── is-descriptor@0.1.6
22 silly idealTree │ └── kind-of@5.1.0
22 silly idealTree ├── sntp@1.0.9
22 silly idealTree ├── sort-keys@1.1.2
22 silly idealTree ├── source-map-resolve@0.5.1
22 silly idealTree ├── source-map-url@0.4.0
22 silly idealTree ├── source-map@0.5.7
22 silly idealTree ├── sparkles@1.0.0
22 silly idealTree ├── spdx-correct@1.0.2
22 silly idealTree ├── spdx-expression-parse@1.0.4
22 silly idealTree ├── spdx-license-ids@1.2.2
22 silly idealTree ├─┬ split-string@3.1.0
22 silly idealTree │ ├── extend-shallow@3.0.2
22 silly idealTree │ └── is-extendable@1.0.1
22 silly idealTree ├── split@0.3.3
22 silly idealTree ├── sprintf-js@1.0.3
22 silly idealTree ├─┬ sshpk@1.13.1
22 silly idealTree │ └── assert-plus@1.0.0
22 silly idealTree ├─┬ static-extend@0.1.2
22 silly idealTree │ ├── define-property@0.2.5
22 silly idealTree │ ├─┬ is-accessor-descriptor@0.1.6
22 silly idealTree │ │ └── kind-of@3.2.2
22 silly idealTree │ ├─┬ is-data-descriptor@0.1.4
22 silly idealTree │ │ └── kind-of@3.2.2
22 silly idealTree │ ├── is-descriptor@0.1.6
22 silly idealTree │ └── kind-of@5.1.0
22 silly idealTree ├── statuses@1.4.0
22 silly idealTree ├─┬ stdout-stream@1.4.0
22 silly idealTree │ ├── isarray@1.0.0
22 silly idealTree │ ├── readable-stream@2.3.3
22 silly idealTree │ └── string_decoder@1.0.3
22 silly idealTree ├── stream-combiner@0.0.4
22 silly idealTree ├── stream-consume@0.1.0
22 silly idealTree ├── stream-counter@0.2.0
22 silly idealTree ├── strict-uri-encode@1.1.0
22 silly idealTree ├── string_decoder@0.10.31
22 silly idealTree ├── string-width@1.0.2
22 silly idealTree ├── stringstream@0.0.5
22 silly idealTree ├── strip-ansi@3.0.1
22 silly idealTree ├── strip-bom@1.0.0
22 silly idealTree ├── strip-indent@1.0.1
22 silly idealTree ├── supports-color@2.0.0
22 silly idealTree ├── svgo@0.7.2
22 silly idealTree ├── tar@2.2.1
22 silly idealTree ├── through@2.3.8
22 silly idealTree ├─┬ through2@2.0.3
22 silly idealTree │ ├── isarray@1.0.0
22 silly idealTree │ ├── readable-stream@2.3.3
22 silly idealTree │ └── string_decoder@1.0.3
22 silly idealTree ├── tildify@1.2.0
22 silly idealTree ├── time-stamp@1.1.0
22 silly idealTree ├─┬ tiny-lr@0.2.1
22 silly idealTree │ ├─┬ body-parser@1.14.2
22 silly idealTree │ │ └── qs@5.2.0
22 silly idealTree │ ├── bytes@2.2.0
22 silly idealTree │ ├── debug@2.2.0
22 silly idealTree │ ├── depd@1.1.2
22 silly idealTree │ ├── iconv-lite@0.4.13
22 silly idealTree │ ├── ms@0.7.1
22 silly idealTree │ └── qs@5.1.0
22 silly idealTree ├─┬ to-object-path@0.3.0
22 silly idealTree │ └── kind-of@3.2.2
22 silly idealTree ├── to-regex-range@2.1.1
22 silly idealTree ├─┬ to-regex@3.0.1
22 silly idealTree │ ├── define-property@0.2.5
22 silly idealTree │ ├─┬ is-accessor-descriptor@0.1.6
22 silly idealTree │ │ └── kind-of@3.2.2
22 silly idealTree │ ├─┬ is-data-descriptor@0.1.4
22 silly idealTree │ │ └── kind-of@3.2.2
22 silly idealTree │ ├── is-descriptor@0.1.6
22 silly idealTree │ └── kind-of@5.1.0
22 silly idealTree ├── tough-cookie@2.3.3
22 silly idealTree ├── trim-newlines@1.0.0
22 silly idealTree ├─┬ true-case-path@1.0.2
22 silly idealTree │ └── glob@6.0.4
22 silly idealTree ├── tsscmp@1.0.5
22 silly idealTree ├── tunnel-agent@0.4.3
22 silly idealTree ├── tweetnacl@0.14.5
22 silly idealTree ├── type-is@1.6.15
22 silly idealTree ├─┬ uglify-js@3.3.8
22 silly idealTree │ └── source-map@0.6.1
22 silly idealTree ├── uid-safe@2.1.4
22 silly idealTree ├── unc-path-regex@0.1.2
22 silly idealTree ├─┬ union-value@1.0.0
22 silly idealTree │ └── set-value@0.4.3
22 silly idealTree ├── uniq@1.0.1
22 silly idealTree ├── uniqid@4.1.1
22 silly idealTree ├── uniqs@2.0.0
22 silly idealTree ├── unique-stream@1.0.0
22 silly idealTree ├── unpipe@1.0.0
22 silly idealTree ├─┬ unset-value@1.0.0
22 silly idealTree │ ├─┬ has-value@0.3.1
22 silly idealTree │ │ └── isobject@2.1.0
22 silly idealTree │ ├── has-values@0.1.4
22 silly idealTree │ └── isarray@1.0.0
22 silly idealTree ├── urix@0.1.0
22 silly idealTree ├─┬ use@2.0.2
22 silly idealTree │ ├── define-property@0.2.5
22 silly idealTree │ ├─┬ is-accessor-descriptor@0.1.6
22 silly idealTree │ │ └── kind-of@3.2.2
22 silly idealTree │ ├─┬ is-data-descriptor@0.1.4
22 silly idealTree │ │ └── kind-of@3.2.2
22 silly idealTree │ ├── is-descriptor@0.1.6
22 silly idealTree │ └── kind-of@5.1.0
22 silly idealTree ├── user-home@1.1.1
22 silly idealTree ├── util-deprecate@1.0.2
22 silly idealTree ├── utils-merge@1.0.0
22 silly idealTree ├── uuid@3.2.1
22 silly idealTree ├── v8flags@2.1.1
22 silly idealTree ├── validate-npm-package-license@3.0.1
22 silly idealTree ├── vary@1.0.1
22 silly idealTree ├── vendors@1.0.1
22 silly idealTree ├─┬ verror@1.10.0
22 silly idealTree │ └── assert-plus@1.0.0
22 silly idealTree ├── vhost@3.0.2
22 silly idealTree ├─┬ vinyl-fs@0.3.14
22 silly idealTree │ ├── clone@0.2.0
22 silly idealTree │ ├── readable-stream@1.0.34
22 silly idealTree │ ├── through2@0.6.5
22 silly idealTree │ └── vinyl@0.4.6
22 silly idealTree ├── vinyl-sourcemaps-apply@0.2.1
22 silly idealTree ├── vinyl@0.5.3
22 silly idealTree ├── websocket-driver@0.7.0
22 silly idealTree ├── websocket-extensions@0.1.3
22 silly idealTree ├── whet.extend@0.9.9
22 silly idealTree ├── which-module@1.0.0
22 silly idealTree ├── which@1.3.0
22 silly idealTree ├── wide-align@1.1.2
22 silly idealTree ├── wrap-ansi@2.1.0
22 silly idealTree ├── wrappy@1.0.2
22 silly idealTree ├── xtend@4.0.1
22 silly idealTree ├── y18n@3.2.1
22 silly idealTree ├── yallist@2.1.2
22 silly idealTree ├─┬ yargs-parser@5.0.0
22 silly idealTree │ └── camelcase@3.0.0
22 silly idealTree └─┬ yargs@7.1.0
22 silly idealTree   └── camelcase@3.0.0
23 silly generateActionsToTake Starting
24 silly install generateActionsToTake
25 silly generateActionsToTake Finishing
26 silly diffTrees action count 0
27 silly decomposeActions action count 0
28 silly runTopLevelLifecycles Starting
29 silly install runPreinstallTopLevelLifecycles
30 silly preinstall some_name@0.0.0 /Users/andrijgerasik/lean/some_name-94a1d33a
31 info lifecycle some_name@0.0.0~preinstall: some_name@0.0.0
32 silly lifecycle some_name@0.0.0~preinstall: no script for preinstall, continuing
33 silly executeActions Starting
34 silly install executeActions
35 silly doSerial global-install 0
36 silly doParallel fetch 0
37 verbose correctMkdir /Users/andrijgerasik/.npm/_locks correctMkdir not in flight; initializing
38 verbose lock using /Users/andrijgerasik/.npm/_locks/staging-88cb1f7e04f21a11.lock for /Users/andrijgerasik/lean/node_modules/.staging
39 silly doParallel extract 0
40 silly doParallel preinstall 0
41 silly doReverseSerial remove 0
42 silly doSerial move 0
43 silly doSerial finalize 0
44 silly doSerial build 0
45 silly doSerial global-link 0
46 silly doParallel update-linked 0
47 silly doSerial install 0
48 silly doSerial postinstall 0
49 verbose unlock done using /Users/andrijgerasik/.npm/_locks/staging-88cb1f7e04f21a11.lock for /Users/andrijgerasik/lean/node_modules/.staging
50 silly executeActions Finishing
51 silly rollbackFailedOptional Starting
52 silly rollbackFailedOptional Finishing
53 silly install runPostinstallTopLevelLifecycles
54 silly build some_name@0.0.0
55 info linkStuff some_name@0.0.0
56 silly linkStuff some_name@0.0.0 has /Users/andrijgerasik as its parent node_modules
57 verbose linkBins some_name@0.0.0
58 verbose linkMans some_name@0.0.0
59 silly install some_name@0.0.0 /Users/andrijgerasik/lean/some_name-94a1d33a
60 info lifecycle some_name@0.0.0~install: some_name@0.0.0
61 silly lifecycle some_name@0.0.0~install: no script for install, continuing
62 silly postinstall some_name@0.0.0 /Users/andrijgerasik/lean/some_name-94a1d33a
63 info lifecycle some_name@0.0.0~postinstall: some_name@0.0.0
64 verbose lifecycle some_name@0.0.0~postinstall: unsafe-perm in lifecycle true
65 verbose lifecycle some_name@0.0.0~postinstall: PATH: /Users/andrijgerasik/.nvm/versions/node/v7.1.0/lib/node_modules/npm/bin/node-gyp-bin:/Users/andrijgerasik/lean/node_modules/.bin:/Users/andrijgerasik/.rvm/gems/ruby-2.4.1/bin:/Users/andrijgerasik/.rvm/gems/ruby-2.4.1@global/bin:/Users/andrijgerasik/.rvm/rubies/ruby-2.4.1/bin:/usr/local/opt/elasticsearch@2.4/bin:/usr/local/opt/elasticsearch@2.4/bin:/Users/andrijgerasik/.nvm/versions/node/v7.1.0/bin:/Users/andrijgerasik/.avn/bin:/usr/local/bin:/usr/bin:/bin:/usr/sbin:/sbin:/Users/andrijgerasik/.rvm/bin
66 verbose lifecycle some_name@0.0.0~postinstall: CWD: /Users/andrijgerasik/lean
67 silly lifecycle some_name@0.0.0~postinstall: Args: [ '-c', 'npm run watch' ]
68 silly lifecycle some_name@0.0.0~postinstall: Returned: code: 1  signal: null
69 info lifecycle some_name@0.0.0~postinstall: Failed to exec postinstall script
70 warn bootstrap@4.0.0 requires a peer of popper.js@^1.12.9 but none was installed.
71 verbose If you need help, you may report this error at:
71 verbose     <https://github.com/npm/npm/issues>
72 verbose stack Error: some_name@0.0.0 postinstall: `npm run watch`
72 verbose stack Exit status 1
72 verbose stack     at EventEmitter.<anonymous> (/Users/andrijgerasik/.nvm/versions/node/v7.1.0/lib/node_modules/npm/lib/utils/lifecycle.js:255:16)
72 verbose stack     at emitTwo (events.js:106:13)
72 verbose stack     at EventEmitter.emit (events.js:191:7)
72 verbose stack     at ChildProcess.<anonymous> (/Users/andrijgerasik/.nvm/versions/node/v7.1.0/lib/node_modules/npm/lib/utils/spawn.js:40:14)
72 verbose stack     at emitTwo (events.js:106:13)
72 verbose stack     at ChildProcess.emit (events.js:191:7)
72 verbose stack     at maybeClose (internal/child_process.js:885:16)
72 verbose stack     at Process.ChildProcess._handle.onexit (internal/child_process.js:226:5)
73 verbose pkgid some_name@0.0.0
74 verbose cwd /Users/andrijgerasik/lean
75 error Darwin 18.2.0
76 error argv "/Users/andrijgerasik/.nvm/versions/node/v7.1.0/bin/node" "/Users/andrijgerasik/.nvm/versions/node/v7.1.0/bin/npm" "install"
77 error node v7.1.0
78 error npm  v3.10.9
79 error code ELIFECYCLE
80 error some_name@0.0.0 postinstall: `npm run watch`
80 error Exit status 1
81 error Failed at the some_name@0.0.0 postinstall script 'npm run watch'.
81 error Make sure you have the latest version of node.js and npm installed.
81 error If you do, this is most likely a problem with the some_name package,
81 error not with npm itself.
81 error Tell the author that this fails on your system:
81 error     npm run watch
81 error You can get information on how to open an issue for this project with:
81 error     npm bugs some_name
81 error Or if that isn't available, you can get their info via:
81 error     npm owner ls some_name
81 error There is likely additional logging output above.
82 verbose exit [ 1, true ]
